[2014-04-14 20:55:25] START
[2014-04-14 20:58:35] CREATE mainpage.py: 0
[2014-04-14 22:13:22] CREATE gridgame.py: 0
[2014-04-14 22:27:54] CREATE picturequiz.py: 0
[2014-04-16 14:51:13] EDIT coolquiz/views/mainpage/index.html: 1
[2014-04-16 14:52:54] EDIT coolquiz/views/mainpage/index.html: 21
[2014-04-16 14:54:20] CREATE default/lay.html: 0
[2014-04-16 14:54:42] EDIT coolquiz/controllers/default.py: 2
[2014-04-16 14:55:12] EDIT coolquiz/views/mainpage/index.html: -22
[2014-04-16 14:55:47] EDIT coolquiz/views/default/lay.html: 146
[2014-04-16 14:56:08] EDIT coolquiz/views/default/lay.html: 0
[2014-04-16 14:56:19] EDIT coolquiz/views/default/lay.html: 0
[2014-04-16 14:56:56] EDIT coolquiz/views/default/lay.html: 0
[2014-04-16 14:57:53] EDIT coolquiz/views/default/lay.html: 2
[2014-04-16 14:58:16] EDIT coolquiz/views/default/lay.html: -62
[2014-04-16 14:58:51] EDIT coolquiz/views/default/lay.html: 60
[2014-04-16 14:59:08] EDIT coolquiz/views/default/lay.html: -52
[2014-04-16 15:00:32] EDIT coolquiz/views/default/lay.html: -12
[2014-04-16 15:01:43] EDIT coolquiz/views/default/lay.html: -1
[2014-04-16 15:02:10] EDIT coolquiz/views/default/lay.html: -4
[2014-04-16 15:02:43] EDIT coolquiz/views/default/lay.html: -4
[2014-04-16 15:02:51] EDIT coolquiz/views/default/lay.html: 4
[2014-04-16 15:03:21] EDIT coolquiz/views/default/lay.html: -4
[2014-04-16 15:05:46] EDIT coolquiz/views/default/lay.html: -1
[2014-04-16 15:06:08] CREATE customlayout.html: 0
[2014-04-16 15:06:13] EDIT coolquiz/views/customlayout.html: 72
[2014-04-16 15:08:39] EDIT coolquiz/views/default/lay.html: -30
[2014-04-16 15:09:25] EDIT coolquiz/views/mainpage/index.html: -8
[2014-04-16 15:09:55] EDIT coolquiz/views/mainpage/index.html: 1
[2014-04-16 15:10:39] EDIT coolquiz/views/mainpage/index.html: 0
[2014-04-16 15:10:48] EDIT coolquiz/views/customlayout.html: -30
[2014-04-16 15:11:20] EDIT coolquiz/views/customlayout.html: 1
[2014-04-16 15:11:28] EDIT coolquiz/views/customlayout.html: 0
[2014-04-16 15:11:29] EDIT coolquiz/views/customlayout.html: 0
[2014-04-16 15:11:46] EDIT coolquiz/views/customlayout.html: 0
[2014-04-16 15:15:53] EDIT coolquiz/views/mainpage/index.html: -2
[2014-04-16 15:16:38] EDIT coolquiz/views/mainpage/index.html: 0
[2014-04-16 15:16:52] EDIT coolquiz/views/mainpage/index.html: 0
[2014-04-16 15:17:02] EDIT coolquiz/views/mainpage/index.html: 0
[2014-04-16 15:17:16] EDIT coolquiz/views/mainpage/index.html: 0
[2014-04-16 15:22:29] EDIT coolquiz/views/mainpage/index.html: 0
[2014-04-16 15:22:48] EDIT coolquiz/views/mainpage/index.html: 0
[2014-04-16 15:32:46] EDIT coolquiz/controllers/mainpage.py: 1
[2014-04-16 15:35:26] EDIT coolquiz/views/mainpage/index.html: 0
[2014-04-16 15:36:15] EDIT coolquiz/views/mainpage/index.html: 0
[2014-04-16 15:37:16] EDIT coolquiz/views/mainpage/index.html: 0
[2014-04-16 15:37:33] EDIT coolquiz/views/mainpage/index.html: 0
[2014-04-16 15:38:18] EDIT coolquiz/views/mainpage/index.html: 0
[2014-04-16 15:38:43] EDIT coolquiz/views/mainpage/index.html: 0
[2014-04-16 15:38:58] EDIT coolquiz/views/mainpage/index.html: 0
[2014-04-16 15:39:00] EDIT coolquiz/views/mainpage/index.html: 0
[2014-04-16 15:40:51] EDIT coolquiz/views/mainpage/index.html: 0
[2014-04-16 15:42:41] EDIT coolquiz/views/mainpage/index.html: 0
[2014-04-16 15:49:23] EDIT coolquiz/views/mainpage/index.html: -1
[2014-04-16 16:38:35] EDIT coolquiz/views/mainpage/index.html: 0
[2014-04-16 16:38:46] EDIT coolquiz/views/mainpage/index.html: 0
[2014-04-16 17:30:30] EDIT coolquiz/views/mainpage/index.html: 0
[2014-04-16 17:30:40] EDIT coolquiz/views/mainpage/index.html: 0
[2014-04-16 18:34:36] EDIT coolquiz/views/mainpage/index.html: 0
[2014-04-16 18:34:43] EDIT coolquiz/views/mainpage/index.html: 0
[2014-04-16 18:36:08] EDIT coolquiz/controllers/mainpage.py: 2
[2014-04-16 18:36:15] EDIT coolquiz/controllers/mainpage.py: 0
[2014-04-16 18:36:27] EDIT coolquiz/controllers/mainpage.py: 0
[2014-04-16 18:36:39] EDIT coolquiz/controllers/mainpage.py: 0
[2014-04-16 18:37:20] EDIT coolquiz/controllers/mainpage.py: 0
[2014-04-16 18:37:33] EDIT coolquiz/controllers/mainpage.py: 0
[2014-04-16 18:37:46] EDIT coolquiz/controllers/mainpage.py: 0
[2014-04-16 18:38:36] EDIT coolquiz/controllers/mainpage.py: 0
[2014-04-16 18:38:49] EDIT coolquiz/controllers/mainpage.py: 0
[2014-04-16 18:39:00] EDIT coolquiz/controllers/mainpage.py: 0
[2014-04-16 18:42:20] EDIT coolquiz/models/db.py: 5
[2014-04-16 18:42:51] EDIT coolquiz/models/db.py: 0
[2014-04-16 18:48:16] EDIT coolquiz/models/db.py: 1
[2014-04-16 18:48:17] EDIT coolquiz/models/db.py: 0
[2014-04-16 18:48:52] EDIT coolquiz/models/db.py: 0
[2014-04-16 18:49:26] EDIT coolquiz/models/db.py: 1
[2014-04-16 18:49:31] EDIT coolquiz/models/db.py: 0
[2014-04-16 18:50:57] EDIT coolquiz/models/db.py: 1
[2014-04-16 18:59:16] EDIT coolquiz/models/db.py: 4
[2014-04-16 19:01:16] EDIT coolquiz/controllers/mainpage.py: 1
[2014-04-16 19:03:26] EDIT coolquiz/controllers/mainpage.py: 0
[2014-04-16 19:03:59] EDIT coolquiz/controllers/mainpage.py: 1
[2014-04-16 19:04:33] EDIT coolquiz/controllers/mainpage.py: 0
[2014-04-16 19:04:40] EDIT coolquiz/controllers/mainpage.py: 0
[2014-04-16 19:04:51] EDIT coolquiz/controllers/mainpage.py: 0
[2014-04-16 19:05:10] EDIT coolquiz/controllers/mainpage.py: 0
[2014-04-16 19:05:21] EDIT coolquiz/controllers/mainpage.py: 0
[2014-04-16 19:05:29] EDIT coolquiz/controllers/mainpage.py: 0
[2014-04-16 19:05:38] EDIT coolquiz/controllers/mainpage.py: 0
[2014-04-16 19:05:49] EDIT coolquiz/controllers/mainpage.py: 0
[2014-04-16 19:06:47] EDIT coolquiz/controllers/mainpage.py: 0
[2014-04-16 19:06:55] EDIT coolquiz/controllers/mainpage.py: 0
[2014-04-16 19:07:20] EDIT coolquiz/controllers/mainpage.py: 0
[2014-04-16 19:07:26] EDIT coolquiz/controllers/mainpage.py: 0
[2014-04-16 19:07:34] EDIT coolquiz/controllers/mainpage.py: 0
[2014-04-16 19:08:35] EDIT coolquiz/controllers/mainpage.py: 2
[2014-04-16 19:09:04] EDIT coolquiz/controllers/mainpage.py: 0
[2014-04-16 19:09:56] EDIT coolquiz/controllers/mainpage.py: 1
[2014-04-16 19:10:51] EDIT coolquiz/controllers/mainpage.py: 0
[2014-04-16 19:11:03] EDIT coolquiz/controllers/mainpage.py: 0
[2014-04-16 19:11:05] EDIT coolquiz/controllers/mainpage.py: 0
[2014-04-16 19:11:42] EDIT coolquiz/controllers/mainpage.py: -1
[2014-04-16 19:11:51] EDIT coolquiz/controllers/mainpage.py: 0
[2014-04-16 19:12:00] EDIT coolquiz/controllers/mainpage.py: 0
[2014-04-16 19:13:44] EDIT coolquiz/controllers/mainpage.py: 4
[2014-04-16 19:14:00] EDIT coolquiz/controllers/mainpage.py: 0
[2014-04-16 19:14:39] EDIT coolquiz/controllers/mainpage.py: 0
[2014-04-16 19:15:08] EDIT coolquiz/controllers/mainpage.py: 1
[2014-04-16 19:15:34] EDIT coolquiz/controllers/mainpage.py: 2
[2014-04-16 19:15:48] EDIT coolquiz/controllers/mainpage.py: -2
[2014-04-16 22:54:43] EDIT coolquiz/controllers/mainpage.py: 5
[2014-04-16 22:55:54] EDIT coolquiz/views/mainpage/index.html: 0
[2014-04-16 22:56:43] EDIT coolquiz/views/mainpage/index.html: 0
[2014-04-16 22:56:50] EDIT coolquiz/views/mainpage/index.html: 0
[2014-04-16 22:57:04] EDIT coolquiz/views/mainpage/index.html: 0
[2014-04-16 23:00:46] CREATE mainpage/scores.html: 0
[2014-04-16 23:00:53] EDIT coolquiz/views/mainpage/scores.html: 0
[2014-04-16 23:05:19] EDIT coolquiz/views/customlayout.html: -1
[2014-04-16 23:05:36] EDIT coolquiz/views/mainpage/index.html: 1
[2014-04-16 23:06:08] EDIT coolquiz/views/mainpage/index.html: 0
[2014-04-16 23:06:27] EDIT coolquiz/views/mainpage/index.html: -1
[2014-04-16 23:07:25] EDIT coolquiz/views/mainpage/index.html: 1
[2014-04-16 23:07:38] EDIT coolquiz/views/mainpage/index.html: -1
[2014-04-16 23:07:44] EDIT coolquiz/views/mainpage/index.html: -1
[2014-04-16 23:08:02] EDIT coolquiz/views/customlayout.html: 1
[2014-04-16 23:08:14] EDIT coolquiz/views/customlayout.html: 0
[2014-04-16 23:08:31] EDIT coolquiz/views/customlayout.html: 0
[2014-04-16 23:08:54] EDIT coolquiz/views/customlayout.html: 0
[2014-04-16 23:09:01] EDIT coolquiz/views/customlayout.html: 0
[2014-04-16 23:09:14] EDIT coolquiz/views/customlayout.html: 0
[2014-04-16 23:09:30] EDIT coolquiz/views/customlayout.html: 0
[2014-04-16 23:09:31] EDIT coolquiz/views/customlayout.html: 0
[2014-04-16 23:09:50] EDIT coolquiz/views/mainpage/scores.html: -1
[2014-04-16 23:10:40] EDIT coolquiz/views/mainpage/scores.html: 45
[2014-04-16 23:10:52] EDIT coolquiz/views/mainpage/scores.html: -1
[2014-04-16 23:14:06] EDIT coolquiz/views/mainpage/scores.html: 11
[2014-04-16 23:14:18] EDIT coolquiz/views/mainpage/scores.html: 0
[2014-04-16 23:14:42] EDIT coolquiz/views/mainpage/scores.html: 0
[2014-04-16 23:15:21] EDIT coolquiz/views/mainpage/scores.html: 3
[2014-04-16 23:16:04] EDIT coolquiz/views/mainpage/scores.html: -3
[2014-04-16 23:16:21] EDIT coolquiz/views/mainpage/scores.html: 2
[2014-04-16 23:17:09] EDIT coolquiz/views/mainpage/scores.html: 1
[2014-04-16 23:18:11] EDIT coolquiz/views/mainpage/scores.html: 3
[2014-04-16 23:19:06] EDIT coolquiz/views/mainpage/scores.html: 0
[2014-04-17 00:15:12] EDIT coolquiz/views/mainpage/scores.html: 0
[2014-04-22 21:40:28] EDIT coolquiz/controllers/mainpage.py: 0
[2014-04-22 21:40:48] EDIT coolquiz/controllers/mainpage.py: 0
[2014-04-22 21:43:40] EDIT coolquiz/controllers/mainpage.py: 0
[2014-04-22 21:46:10] EDIT coolquiz/views/mainpage/scores.html: 0
[2014-04-22 21:52:31] EDIT coolquiz/controllers/mainpage.py: 3
